SF:lib\main.dart
DA:5,0
DA:6,0
DA:7,0
DA:8,0
DA:16,0
DA:20,2
DA:23,1
DA:25,1
DA:28,1
DA:30,1
DA:32,1
LF:11
LH:6
end_of_record
SF:lib\in_app_web_view.dart
DA:11,0
DA:13,0
DA:14,0
DA:27,0
DA:29,0
DA:31,0
DA:40,0
DA:41,0
DA:43,0
DA:44,0
DA:52,0
DA:54,0
DA:55,0
DA:56,0
DA:58,0
DA:60,0
DA:61,0
DA:64,0
DA:65,0
DA:66,0
DA:67,0
DA:72,0
DA:75,0
DA:77,0
DA:79,0
DA:80,0
DA:87,0
DA:90,0
DA:94,0
DA:97,0
DA:98,0
DA:99,0
DA:105,0
DA:106,0
DA:111,0
DA:114,0
DA:116,0
DA:117,0
DA:118,0
DA:125,0
DA:128,0
DA:131,0
DA:132,0
DA:133,0
DA:134,0
DA:135,0
DA:136,0
DA:150,0
DA:154,0
DA:155,0
DA:156,0
DA:162,0
DA:163,0
DA:169,0
DA:171,0
DA:172,0
DA:179,0
DA:180,0
DA:181,0
DA:182,0
DA:184,0
DA:185,0
DA:187,0
DA:191,0
DA:193,0
DA:194,0
DA:195,0
DA:196,0
DA:197,0
DA:198,0
DA:200,0
DA:202,0
DA:205,0
DA:217,0
DA:218,0
DA:222,0
DA:223,0
DA:224,0
DA:229,0
DA:230,0
DA:231,0
DA:234,0
DA:235,0
DA:236,0
DA:241,0
DA:242,0
DA:246,0
DA:249,0
DA:251,0
DA:254,0
DA:255,0
DA:257,0
DA:258,0
DA:259,0
DA:265,0
DA:271,0
DA:275,0
DA:277,0
LF:98
LH:0
end_of_record
SF:lib\splash_screen.dart
DA:11,1
DA:13,1
DA:14,0
DA:15,0
DA:18,1
DA:19,1
DA:20,1
DA:21,1
LF:8
LH:6
end_of_record
